<?xml version="1.0" encoding="UTF-8"?>
<!-- Generated by org.testng.reporters.JUnitReportReporter -->
<testsuite skipped="0" hostname="WPU5CG0080XVQLL" name="com.OrangeHRM.Capture_Screenshot_Example" tests="2" failures="0" timestamp="2021-02-26T12:23:50 IST" time="25.995" errors="0">
  <testcase name="LaunchBrowser" time="4.442" classname="com.OrangeHRM.Capture_Screenshot_Example"/>
  <system-out/>
  <testcase name="OrangeHRM_Login" time="21.553" classname="com.OrangeHRM.Capture_Screenshot_Example"/>
  <system-out/>
</testsuite> <!-- com.OrangeHRM.Capture_Screenshot_Example -->
