<?xml version="1.0" encoding="UTF-8"?>
<!-- Generated by org.testng.reporters.JUnitReportReporter -->
<testsuite skipped="0" hostname="WPU5CG0080XVQLL" name="com.SingleExtentReport_Example.OrangeHRM_Navigation" tests="2" failures="0" timestamp="2021-03-01T11:54:00 IST" time="23.611" errors="0">
  <testcase name="Login" time="11.276" classname="com.SingleExtentReport_Example.OrangeHRM_Navigation"/>
  <system-out/>
  <testcase name="Logout" time="12.335" classname="com.SingleExtentReport_Example.OrangeHRM_Navigation"/>
  <system-out/>
</testsuite> <!-- com.SingleExtentReport_Example.OrangeHRM_Navigation -->
