<?xml version="1.0" encoding="UTF-8"?>
<!-- Generated by org.testng.reporters.JUnitReportReporter -->
<testsuite skipped="0" hostname="WPU5CG0080XVQLL" name="com.OrangeHRM.Sikuli_Integration_Example" tests="1" failures="0" timestamp="2021-03-02T11:03:01 IST" time="46.617" errors="0">
  <testcase name="FileUpload_UsingSikuli" time="46.617" classname="com.OrangeHRM.Sikuli_Integration_Example"/>
  <system-out/>
</testsuite> <!-- com.OrangeHRM.Sikuli_Integration_Example -->
