<?xml version="1.0" encoding="UTF-8"?>
<!-- Generated by org.testng.reporters.JUnitReportReporter -->
<testsuite skipped="0" hostname="WPU5CG0080XVQLL" name="com.OrangeHRM.HandleUnexpectedAlert" tests="1" failures="0" timestamp="2021-03-01T12:50:23 IST" time="1.345" errors="0">
  <testcase name="HandleAlert" time="1.345" classname="com.OrangeHRM.HandleUnexpectedAlert"/>
  <system-out/>
</testsuite> <!-- com.OrangeHRM.HandleUnexpectedAlert -->
