<?xml version="1.0" encoding="UTF-8"?>
<!-- Generated by org.testng.reporters.JUnitReportReporter -->
<testsuite skipped="0" hostname="WPU5CG0080XVQLL" name="com.OrangeHRM.MobileBrowserView_OrangeHRM" tests="1" failures="0" timestamp="2021-02-23T12:23:31 IST" time="7.534" errors="0">
  <testcase name="SignOn" time="7.534" classname="com.OrangeHRM.MobileBrowserView_OrangeHRM"/>
  <system-out/>
</testsuite> <!-- com.OrangeHRM.MobileBrowserView_OrangeHRM -->
