<?xml version="1.0" encoding="UTF-8"?>
<!-- Generated by org.testng.reporters.JUnitReportReporter -->
<testsuite skipped="0" hostname="WPU5CG0080XVQLL" name="com.OrangeHRM.NavigateAllLinks" tests="1" failures="0" timestamp="2021-02-25T10:46:44 IST" time="14.923" errors="0">
  <testcase name="navigateToAllLinks" time="14.923" classname="com.OrangeHRM.NavigateAllLinks"/>
  <system-out/>
</testsuite> <!-- com.OrangeHRM.NavigateAllLinks -->
