<?xml version="1.0" encoding="UTF-8"?>
<!-- Generated by org.testng.reporters.JUnitReportReporter -->
<testsuite skipped="0" hostname="WPU5CG0080XVQLL" name="com.OrangeHRM.Handling_Javascript_Alert" tests="1" failures="0" timestamp="2021-03-01T11:39:54 IST" time="0.298" errors="0">
  <testcase name="EnterCustomerID" time="0.298" classname="com.OrangeHRM.Handling_Javascript_Alert"/>
  <system-out/>
</testsuite> <!-- com.OrangeHRM.Handling_Javascript_Alert -->
