<?xml version="1.0" encoding="UTF-8"?>
<!-- Generated by org.testng.reporters.JUnitReportReporter -->
<testsuite skipped="0" hostname="WPU5CG0080XVQLL" name="com.OrangeHRM.OrangeHRM_HDFC_Login" tests="1" failures="0" timestamp="2021-02-22T10:30:32 IST" time="0.672" errors="0">
  <testcase name="EnterCustomerID" time="0.672" classname="com.OrangeHRM.OrangeHRM_HDFC_Login"/>
  <system-out/>
</testsuite> <!-- com.OrangeHRM.OrangeHRM_HDFC_Login -->
