<?xml version="1.0" encoding="UTF-8"?>
<!-- Generated by org.testng.reporters.JUnitReportReporter -->
<testsuite skipped="0" hostname="WPU5CG0080XVQLL" name="com.OrangeHRM.Handle_Proxy_Example" tests="1" failures="0" timestamp="2021-02-26T10:40:20 IST" time="0.011" errors="0">
  <testcase name="HTTPAuth" time="0.011" classname="com.OrangeHRM.Handle_Proxy_Example"/>
  <system-out/>
</testsuite> <!-- com.OrangeHRM.Handle_Proxy_Example -->
