<?xml version="1.0" encoding="UTF-8"?>
<!-- Generated by org.testng.reporters.JUnitReportReporter -->
<testsuite skipped="0" hostname="WPU5CG0080XVQLL" name="com.OrangeHRM.DragAndDrop_Example" tests="1" failures="0" timestamp="2021-02-24T11:22:36 IST" time="8.641" errors="0">
  <testcase name="DragDrop" time="8.641" classname="com.OrangeHRM.DragAndDrop_Example"/>
  <system-out/>
</testsuite> <!-- com.OrangeHRM.DragAndDrop_Example -->
