<?xml version="1.0" encoding="UTF-8"?>
<!-- Generated by org.testng.reporters.JUnitReportReporter -->
<testsuite skipped="0" hostname="WPU5CG0080XVQLL" name="testNGListener.logger.OrangeHRM_Login_Before_After_Example" tests="1" failures="0" timestamp="2021-03-02T13:26:53 IST" time="25.111" errors="0">
  <testcase name="LoginToOrangeHRM" time="25.111" classname="testNGListener.logger.OrangeHRM_Login_Before_After_Example"/>
  <system-out/>
</testsuite> <!-- testNGListener.logger.OrangeHRM_Login_Before_After_Example -->
