<?xml version="1.0" encoding="UTF-8"?>
<!-- Generated by org.testng.reporters.JUnitReportReporter -->
<testsuite skipped="0" hostname="WPU5CG0080XVQLL" name="com.OrangeHRM.DeleteAddedUserFromWebTable" tests="3" failures="0" timestamp="2021-02-23T11:48:47 IST" time="24.228" errors="0">
  <testcase name="Sign_On" time="8.084" classname="com.OrangeHRM.DeleteAddedUserFromWebTable"/>
  <system-out/>
  <testcase name="AddUsers_Page" time="2.965" classname="com.OrangeHRM.DeleteAddedUserFromWebTable"/>
  <system-out/>
  <testcase name="VerifyAddedUser" time="13.179" classname="com.OrangeHRM.DeleteAddedUserFromWebTable"/>
  <system-out/>
</testsuite> <!-- com.OrangeHRM.DeleteAddedUserFromWebTable -->
