<?xml version="1.0" encoding="UTF-8"?>
<!-- Generated by org.testng.reporters.JUnitReportReporter -->
<testsuite skipped="0" hostname="WPU5CG0080XVQLL" name="com.OrangeHRM.ScrollDownWebPageBottomExample" tests="1" failures="0" timestamp="2021-03-01T13:09:33 IST" time="20.237" errors="0">
  <testcase name="ByPage" time="20.237" classname="com.OrangeHRM.ScrollDownWebPageBottomExample"/>
  <system-out/>
</testsuite> <!-- com.OrangeHRM.ScrollDownWebPageBottomExample -->
