<?xml version="1.0" encoding="UTF-8"?>
<!-- Generated by org.testng.reporters.JUnitReportReporter -->
<testsuite skipped="0" hostname="WPU5CG0080XVQLL" name="com.SingleExtentReport_Example.OrangeHRM_MouseOver" tests="2" failures="0" timestamp="2021-03-01T11:54:00 IST" time="5.966" errors="0">
  <testcase name="Login" time="4.757" classname="com.SingleExtentReport_Example.OrangeHRM_MouseOver"/>
  <system-out/>
  <testcase name="Logout" time="1.209" classname="com.SingleExtentReport_Example.OrangeHRM_MouseOver"/>
  <system-out/>
</testsuite> <!-- com.SingleExtentReport_Example.OrangeHRM_MouseOver -->
