<?xml version="1.0" encoding="UTF-8"?>
<!-- Generated by org.testng.reporters.JUnitReportReporter -->
<testsuite skipped="0" hostname="WPU5CG0080XVQLL" name="com.OrangeHRM.OrangeHRM_Login_Implicit_And_Explicit_Wait" tests="2" failures="0" timestamp="2021-02-22T11:54:01 IST" time="17.579" errors="0">
  <testcase name="Login" time="10.967" classname="com.OrangeHRM.OrangeHRM_Login_Implicit_And_Explicit_Wait"/>
  <system-out/>
  <testcase name="Logout" time="6.612" classname="com.OrangeHRM.OrangeHRM_Login_Implicit_And_Explicit_Wait"/>
  <system-out/>
</testsuite> <!-- com.OrangeHRM.OrangeHRM_Login_Implicit_And_Explicit_Wait -->
