<?xml version="1.0" encoding="UTF-8"?>
<!-- Generated by org.testng.reporters.JUnitReportReporter -->
<testsuite skipped="0" hostname="WPU5CG0080XVQLL" name="com.Log4j.OrangeHRM_Login_Log4j" tests="1" failures="0" timestamp="2021-03-02T12:29:52 IST" time="23.150" errors="0">
  <testcase name="LoginToOrangeHRM" time="23.150" classname="com.Log4j.OrangeHRM_Login_Log4j"/>
  <system-out/>
</testsuite> <!-- com.Log4j.OrangeHRM_Login_Log4j -->
