<?xml version="1.0" encoding="UTF-8"?>
<!-- Generated by org.testng.reporters.JUnitReportReporter -->
<testsuite skipped="0" hostname="WPU5CG0080XVQLL" name="com.OrangeHRM.OrangeHRMLogin_All_Test_Case_Scenarios" tests="5" failures="0" timestamp="2021-02-24T13:19:15 IST" time="30.307" errors="0">
  <testcase name="LoginAllCases" time="4.241" classname="com.OrangeHRM.OrangeHRMLogin_All_Test_Case_Scenarios"/>
  <system-out/>
  <testcase name="LoginAllCases" time="7.903" classname="com.OrangeHRM.OrangeHRMLogin_All_Test_Case_Scenarios"/>
  <system-out/>
  <testcase name="LoginAllCases" time="3.212" classname="com.OrangeHRM.OrangeHRMLogin_All_Test_Case_Scenarios"/>
  <system-out/>
  <testcase name="LoginAllCases" time="11.106" classname="com.OrangeHRM.OrangeHRMLogin_All_Test_Case_Scenarios"/>
  <system-out/>
  <testcase name="LoginAllCases" time="3.845" classname="com.OrangeHRM.OrangeHRMLogin_All_Test_Case_Scenarios"/>
  <system-out/>
</testsuite> <!-- com.OrangeHRM.OrangeHRMLogin_All_Test_Case_Scenarios -->
