<?xml version="1.0" encoding="UTF-8"?>
<!-- Generated by org.testng.reporters.JUnitReportReporter -->
<testsuite skipped="0" hostname="WPU5CG0080XVQLL" name="com.OrangeHRM.OrangeHRM_MouseOver" tests="2" failures="0" timestamp="2021-03-03T11:40:06 IST" time="16.626" errors="0">
  <testcase name="Login" time="14.702" classname="com.OrangeHRM.OrangeHRM_MouseOver"/>
  <system-out/>
  <testcase name="Logout" time="1.924" classname="com.OrangeHRM.OrangeHRM_MouseOver"/>
  <system-out/>
</testsuite> <!-- com.OrangeHRM.OrangeHRM_MouseOver -->
