<?xml version="1.0" encoding="UTF-8"?>
<!-- Generated by org.testng.reporters.JUnitReportReporter -->
<testsuite skipped="0" hostname="WPU5CG0080XVQLL" name="com.SingleExtentReport_Example.OrangeHRM_Login_Parameters" tests="1" failures="0" timestamp="2021-03-01T11:54:00 IST" time="0.000" errors="1">
  <testcase name="Login" time="0.000" classname="com.SingleExtentReport_Example.OrangeHRM_Login_Parameters">
    <error type="org.testng.TestNGException" message="
Parameter &#039;url&#039; is required by @Test on method Login but has not been marked @Optional or defined
in C:\Selenium_Training\workspace\JD_OrganeHRM_Gradle\SingeExtentReportFile.xml">
      <![CDATA[org.testng.TestNGException: 
Parameter 'url' is required by @Test on method Login but has not been marked @Optional or defined
in C:\Selenium_Training\workspace\JD_OrganeHRM_Gradle\SingeExtentReportFile.xml
at org.testng.internal.Parameters.createParams(Parameters.java:268)
at org.testng.internal.Parameters.createParametersForMethod(Parameters.java:356)
at org.testng.internal.Parameters.createParameters(Parameters.java:700)
at org.testng.internal.Parameters.handleParameters(Parameters.java:875)
at org.testng.internal.Parameters.handleParameters(Parameters.java:740)
at org.testng.internal.ParameterHandler.handleParameters(ParameterHandler.java:59)
at org.testng.internal.ParameterHandler.createParameters(ParameterHandler.java:38)
at org.testng.internal.TestInvoker$MethodInvocationAgent.invoke(TestInvoker.java:789)
at org.testng.internal.TestInvoker.invokeTestMethods(TestInvoker.java:147)
at org.testng.internal.TestMethodWorker.invokeTestMethods(TestMethodWorker.java:146)
at org.testng.internal.TestMethodWorker.run(TestMethodWorker.java:128)
at java.util.concurrent.ThreadPoolExecutor.runWorker(ThreadPoolExecutor.java:1149)
at java.util.concurrent.ThreadPoolExecutor$Worker.run(ThreadPoolExecutor.java:624)
at java.lang.Thread.run(Thread.java:748)
]]>
    </error>
  </testcase> <!-- Login -->
  <system-out/>
</testsuite> <!-- com.SingleExtentReport_Example.OrangeHRM_Login_Parameters -->
