<?xml version="1.0" encoding="UTF-8"?>
<!-- Generated by org.testng.reporters.JUnitReportReporter -->
<testsuite skipped="0" hostname="WPU5CG0080XVQLL" name="com.OrangeHRM.OrangeHRM_Navigation" tests="2" failures="0" timestamp="2021-02-22T12:41:26 IST" time="25.649" errors="0">
  <testcase name="Login" time="13.132" classname="com.OrangeHRM.OrangeHRM_Navigation"/>
  <system-out/>
  <testcase name="Logout" time="12.517" classname="com.OrangeHRM.OrangeHRM_Navigation"/>
  <system-out/>
</testsuite> <!-- com.OrangeHRM.OrangeHRM_Navigation -->
